2026-04-18 20:20:48,641 [INFO] ============================================================
2026-04-18 20:20:48,642 [INFO] 政治新闻聚合器 - 开始运行
2026-04-18 20:20:48,642 [INFO] ============================================================
2026-04-18 20:20:48,642 [INFO] [新浪API] 正在获取: 新浪国内
2026-04-18 20:20:49,831 [INFO]   [OK] 获取到 30 条新闻
2026-04-18 20:20:49,831 [INFO] [新浪API] 正在获取: 新浪国际
2026-04-18 20:20:50,963 [INFO]   [OK] 获取到 30 条新闻
2026-04-18 20:20:50,964 [INFO] [RSS] 正在获取: 中新网滚动
2026-04-18 20:20:52,739 [INFO]   [OK] 解析到 30 条新闻
2026-04-18 20:20:52,739 [INFO] [RSS] 正在获取: 中新网国内
2026-04-18 20:20:54,414 [INFO]   [OK] 解析到 30 条新闻
2026-04-18 20:20:54,415 [INFO] [RSS] 正在获取: 中新网国际
2026-04-18 20:20:56,151 [INFO]   [OK] 解析到 30 条新闻
2026-04-18 20:20:56,151 [INFO] [网页] 正在抓取: 新华网时政
2026-04-18 20:20:57,994 [INFO]   [OK] 抓取到 20 条新闻
2026-04-18 20:20:57,994 [INFO] [网页] 正在抓取: 新华网国际
2026-04-18 20:21:00,138 [INFO]   [OK] 抓取到 20 条新闻
2026-04-18 20:21:00,138 [INFO] 
============================================================
2026-04-18 20:21:00,138 [INFO] 总计获取: 190 条原始新闻
2026-04-18 20:21:00,138 [INFO] ============================================================
2026-04-18 20:21:00,409 [INFO] 去重后: 175 条
2026-04-18 20:21:37,186 [INFO] RSS 已生成: political_news_rss.xml
2026-04-18 20:21:37,191 [INFO] JSON 数据已生成: news_data.json
2026-04-18 20:21:37,191 [INFO] 
============================================================
2026-04-18 20:21:37,191 [INFO] 热度 TOP 20 新闻:
2026-04-18 20:21:37,191 [INFO] ============================================================
2026-04-18 20:21:37,191 [INFO] 
1. [国内] 特朗普一再宣称对伊战事大获全胜，新民调却显示美国选民并不买账
2026-04-18 20:21:37,192 [INFO]    热度: 117.74 | 来源: 环球市场播报
2026-04-18 20:21:37,192 [INFO]    标签: 经济金融, 中美关系, 军事国防, 社会民生
2026-04-18 20:21:37,192 [INFO] 
2. [国内] 通航存疑 希腊、印度油轮驶近霍尔木兹海峡后集体折返
2026-04-18 20:21:37,192 [INFO]    热度: 112.43 | 来源: 环球市场播报
2026-04-18 20:21:37,192 [INFO]    标签: 台海局势, 中东局势, 亚太周边
2026-04-18 20:21:37,192 [INFO] 
3. [国内] 220家申请涌入，港股IPO如何守住质量关？港交所回应“包装上市”争议
2026-04-18 20:21:37,192 [INFO]    热度: 112.28 | 来源: 一财网
2026-04-18 20:21:37,192 [INFO]    标签: 经济金融, 香港澳门
2026-04-18 20:21:37,192 [INFO] 
4. [国内] 美国民主党参议员舒默和沃伦谴责特朗普政府延长对俄罗斯石油的制裁豁免
2026-04-18 20:21:37,192 [INFO]    热度: 107.6 | 来源: 环球市场播报
2026-04-18 20:21:37,192 [INFO]    标签: 经济金融, 中美关系, 外交动态, 俄乌冲突
2026-04-18 20:21:37,192 [INFO] 
5. [国内] 东阳光炒股亏了6个亿  收购秦淮数据有息负债飙升至155亿元
2026-04-18 20:21:37,193 [INFO]    热度: 104.71 | 来源: 市场资讯
2026-04-18 20:21:37,193 [INFO]    标签: 经济金融, 中美关系, 外交动态, 中东局势
2026-04-18 20:21:37,193 [INFO] 
6. [国内] “五一”假期大批航班取消，怎么回事？
2026-04-18 20:21:37,194 [INFO]    热度: 103.92 | 来源: 央视
2026-04-18 20:21:37,194 [INFO]    标签: 经济金融, 中东局势, 欧洲动态
2026-04-18 20:21:37,194 [INFO] 
7. [国内] 格雷格·阿贝尔执掌伯克希尔满百日，公司已然迎来变局
2026-04-18 20:21:37,194 [INFO]    热度: 100.89 | 来源: 环球市场播报
2026-04-18 20:21:37,194 [INFO]    标签: 经济金融, 亚太周边
2026-04-18 20:21:37,194 [INFO] 
8. [国内] 亚洲开发银行行长：货币和财政纪律是抵御重大外部冲击的最佳缓冲
2026-04-18 20:21:37,194 [INFO]    热度: 100.88 | 来源: 环球市场播报
2026-04-18 20:21:37,194 [INFO]    标签: 经济金融, 台海局势, 外交动态, 中东局势
2026-04-18 20:21:37,194 [INFO] 
9. [国内] 伊媒：伊朗自周六上午起部分开放空域
2026-04-18 20:21:37,195 [INFO]    热度: 100.43 | 来源: 环球市场播报
2026-04-18 20:21:37,195 [INFO]    标签: 经济金融, 中美关系, 外交动态, 中东局势
2026-04-18 20:21:37,195 [INFO] 
10. [国内] 俄军夜间袭击乌克兰港口及电力设施
2026-04-18 20:21:37,195 [INFO]    热度: 100.2 | 来源: 环球市场播报
2026-04-18 20:21:37,195 [INFO]    标签: 经济金融, 俄乌冲突
2026-04-18 20:21:37,195 [INFO] 
11. [国内] 伊朗消息人士：美伊双方已出现折中谈判迹象
2026-04-18 20:21:37,195 [INFO]    热度: 99.9 | 来源: 环球市场播报
2026-04-18 20:21:37,195 [INFO]    标签: 台海局势, 中美关系, 军事国防, 俄乌冲突
2026-04-18 20:21:37,195 [INFO] 
12. [国内] 美国延长部分俄罗斯石油的销售许可证期限
2026-04-18 20:21:37,195 [INFO]    热度: 98.12 | 来源: 环球市场播报
2026-04-18 20:21:37,195 [INFO]    标签: 经济金融, 中美关系, 外交动态, 俄乌冲突
2026-04-18 20:21:37,195 [INFO] 
13. [国内] 特朗普否认伊朗将对霍尔木兹海峡征收通行费
2026-04-18 20:21:37,195 [INFO]    热度: 97.86 | 来源: 环球市场播报
2026-04-18 20:21:37,195 [INFO]    标签: 经济金融, 台海局势, 中美关系, 外交动态
2026-04-18 20:21:37,195 [INFO] 
14. [国内] 美军封锁期间 驱逐舰尾随满载伊朗原油的油轮
2026-04-18 20:21:37,195 [INFO]    热度: 97.17 | 来源: 环球市场播报
2026-04-18 20:21:37,195 [INFO]    标签: 经济金融, 台海局势, 中美关系, 中东局势
2026-04-18 20:21:37,195 [INFO] 
15. [国内] 价格周报｜猪价继续探底，机构称当前养殖端加速去化仍需时间推进
2026-04-18 20:21:37,195 [INFO]    热度: 88.72 | 来源: 澎湃新闻
2026-04-18 20:21:37,195 [INFO]    标签: 
2026-04-18 20:21:37,196 [INFO] 
16. [国内] 美国联邦航空管理局将削减美国大型机场航班量 缓解航班延误
2026-04-18 20:21:37,196 [INFO]    热度: 87.16 | 来源: 环球市场播报
2026-04-18 20:21:37,196 [INFO]    标签: 中美关系
2026-04-18 20:21:37,196 [INFO] 
17. [国内] 特朗普：若谈判无果，美国将以更具对抗性的方式掌控伊朗铀资源
2026-04-18 20:21:37,196 [INFO]    热度: 86.63 | 来源: 环球市场播报
2026-04-18 20:21:37,196 [INFO]    标签: 经济金融, 中美关系, 中东局势
2026-04-18 20:21:37,196 [INFO] 
18. [国内] 特朗普：若无法达成协议 或将不延长美伊临时停火
2026-04-18 20:21:37,196 [INFO]    热度: 86.46 | 来源: 环球市场播报
2026-04-18 20:21:37,196 [INFO]    标签: 经济金融, 中美关系, 外交动态, 俄乌冲突
2026-04-18 20:21:37,196 [INFO] 
19. [国内] 140年来最强厄尔尼诺正在酝酿？地球或今年冲击高温极限？国家气候中心回应
2026-04-18 20:21:37,196 [INFO]    热度: 86.02 | 来源: 澎湃新闻
2026-04-18 20:21:37,196 [INFO]    标签: 外交动态, 中东局势
2026-04-18 20:21:37,196 [INFO] 
20. [国内] 卫星图像显示伊朗炼油厂发生火灾及原油泄漏
2026-04-18 20:21:37,196 [INFO]    热度: 85.81 | 来源: 环球市场播报
2026-04-18 20:21:37,196 [INFO]    标签: 中东局势, 科技前沿
2026-04-18 20:21:37,196 [INFO] 
[完成] 已生成 RSS 和前端数据文件
